#
# There is insufficient memory for the Java Runtime Environment to continue.
# Native memory allocation (malloc) failed to allocate 2097152 bytes. Error detail: AllocateHeap
# Possible reasons:
#   The system is out of physical RAM or swap space
#   This process is running with CompressedOops enabled, and the Java Heap may be blocking the growth of the native heap
# Possible solutions:
#   Reduce memory load on the system
#   Increase physical memory or swap space
#   Check if swap backing store is full
#   Decrease Java heap size (-Xmx/-Xms)
#   Decrease number of Java threads
#   Decrease Java thread stack sizes (-Xss)
#   Set larger code cache with -XX:ReservedCodeCacheSize=
#   JVM is running with Unscaled Compressed Oops mode in which the Java heap is
#     placed in the first 4GB address space. The Java Heap base address is the
#     maximum limit for the native heap growth. Please use -XX:HeapBaseMinAddress
#     to set the Java Heap base and to place the Java Heap above 4GB virtual address.
# This output file may be truncated or incomplete.
#
#  Out of Memory Error (allocation.cpp:44), pid=2788, tid=1800
#
# JRE version: OpenJDK Runtime Environment Temurin-17.0.11+9 (17.0.11+9) (build 17.0.11+9)
# Java VM: OpenJDK 64-Bit Server VM Temurin-17.0.11+9 (17.0.11+9, mixed mode, emulated-client, tiered, compressed oops, compressed class ptrs, g1 gc, windows-amd64)
# No core dump will be written. Minidumps are not enabled by default on client versions of Windows
#

---------------  S U M M A R Y ------------

Command Line: -Xmx1024m -Dsts.lsp.client=vscode -Dsts.log.file=/dev/null -XX:TieredStopAtLevel=1 -Xlog:jni+resolve=off -Dspring.config.location=file:c:\Users\Aditya\.vscode\extensions\vmware.vscode-spring-boot-1.56.0\language-server\BOOT-INF\classes\application.properties org.springframework.ide.vscode.boot.app.BootLanguageServerBootApp

Host: Intel(R) Core(TM) i5-8300H CPU @ 2.30GHz, 8 cores, 7G,  Windows 11 , 64 bit Build 22621 (10.0.22621.3672)
Time: Thu Aug 15 13:34:23 2024 India Standard Time elapsed time: 9226.265475 seconds (0d 2h 33m 46s)

---------------  T H R E A D  ---------------

Current thread (0x000001d99a887da0):  VMThread "VM Thread" [stack: 0x000000189a500000,0x000000189a600000] [id=1800]

Stack: [0x000000189a500000,0x000000189a600000]
Native frames: (J=compiled Java code, j=interpreted, Vv=VM code, C=native code)
V  [jvm.dll+0x67d429]
V  [jvm.dll+0x834b7a]
V  [jvm.dll+0x83663e]
V  [jvm.dll+0x836ca3]
V  [jvm.dll+0x247dbf]
V  [jvm.dll+0xa6cb3]
V  [jvm.dll+0x2f8b61]
V  [jvm.dll+0x2f4750]
V  [jvm.dll+0x2dcf67]
V  [jvm.dll+0x31fb67]
V  [jvm.dll+0x83b19b]
V  [jvm.dll+0x83bed2]
V  [jvm.dll+0x83c3ed]
V  [jvm.dll+0x83c7c4]
V  [jvm.dll+0x83c890]
V  [jvm.dll+0x7e410a]
V  [jvm.dll+0x67c315]
C  [ucrtbase.dll+0x29333]
C  [KERNEL32.DLL+0x1257d]
C  [ntdll.dll+0x5af28]

VM_Operation (0x000000189bdfef10): G1CollectFull, mode: safepoint, requested by thread 0x000001d9a035c840


---------------  P R O C E S S  ---------------

Threads class SMR info:
_java_thread_list=0x000001d9a0c21b80, length=28, elements={
0x000001d99a89d390, 0x000001d99a89e120, 0x000001d99a8c29e0, 0x000001d99a8c3670,
0x000001d99a8c5050, 0x000001d99a8c60c0, 0x000001d99a9fe880, 0x000001d99aa022a0,
0x000001d99ac197e0, 0x000001d99ac2af60, 0x000001d99f5c27f0, 0x000001d9a035c840,
0x000001d9a0525030, 0x000001d98dab8130, 0x000001d9a04e3040, 0x000001d9a0591b50,
0x000001d9a05bf380, 0x000001d9a05c11e0, 0x000001d9a05bfda0, 0x000001d9a05c07c0,
0x000001d9a05c02b0, 0x000001d9a05bee70, 0x000001d9a05bf890, 0x000001d9a069d750,
0x000001d9a06a4bc0, 0x000001d9a06a50d0, 0x000001d9a069e170, 0x000001d9a06a09f0
}

Java Threads: ( => current thread )
  0x000001d99a89d390 JavaThread "Reference Handler" daemon [_thread_blocked, id=3732, stack(0x000000189a600000,0x000000189a700000)]
  0x000001d99a89e120 JavaThread "Finalizer" daemon [_thread_blocked, id=15768, stack(0x000000189a700000,0x000000189a800000)]
  0x000001d99a8c29e0 JavaThread "Signal Dispatcher" daemon [_thread_blocked, id=4452, stack(0x000000189a800000,0x000000189a900000)]
  0x000001d99a8c3670 JavaThread "Attach Listener" daemon [_thread_blocked, id=3620, stack(0x000000189a900000,0x000000189aa00000)]
  0x000001d99a8c5050 JavaThread "Service Thread" daemon [_thread_blocked, id=14372, stack(0x000000189aa00000,0x000000189ab00000)]
  0x000001d99a8c60c0 JavaThread "Monitor Deflation Thread" daemon [_thread_blocked, id=18328, stack(0x000000189ab00000,0x000000189ac00000)]
  0x000001d99a9fe880 JavaThread "C1 CompilerThread0" daemon [_thread_blocked, id=16812, stack(0x000000189ac00000,0x000000189ad00000)]
  0x000001d99aa022a0 JavaThread "Sweeper thread" daemon [_thread_blocked, id=17168, stack(0x000000189ad00000,0x000000189ae00000)]
  0x000001d99ac197e0 JavaThread "Notification Thread" daemon [_thread_blocked, id=1320, stack(0x000000189b100000,0x000000189b200000)]
  0x000001d99ac2af60 JavaThread "Common-Cleaner" daemon [_thread_blocked, id=15908, stack(0x000000189b300000,0x000000189b400000)]
  0x000001d99f5c27f0 JavaThread "boundedElastic-evictor-1" daemon [_thread_blocked, id=15364, stack(0x000000189b800000,0x000000189b900000)]
  0x000001d9a035c840 JavaThread "pool-13-thread-1" [_thread_blocked, id=8860, stack(0x000000189bd00000,0x000000189be00000)]
  0x000001d9a0525030 JavaThread "LanguageServerApp-lifecycle" [_thread_blocked, id=11304, stack(0x000000189be00000,0x000000189bf00000)]
  0x000001d98dab8130 JavaThread "DestroyJavaVM" [_thread_blocked, id=17912, stack(0x0000001899f00000,0x000000189a000000)]
  0x000001d9a04e3040 JavaThread "pool-14-thread-1" [_thread_in_native, id=12460, stack(0x000000189bf00000,0x000000189c000000)]
  0x000001d9a0591b50 JavaThread "Simple-Language-Server main thread" daemon [_thread_blocked, id=4628, stack(0x000000189c000000,0x000000189c100000)]
  0x000001d9a05bf380 JavaThread "pool-8-thread-1" [_thread_blocked, id=348, stack(0x000000189c400000,0x000000189c500000)]
  0x000001d9a05c11e0 JavaThread "parallel-1" daemon [_thread_blocked, id=9528, stack(0x000000189c500000,0x000000189c600000)]
  0x000001d9a05bfda0 JavaThread "pool-6-thread-1" [_thread_blocked, id=16396, stack(0x000000189c600000,0x000000189c700000)]
  0x000001d9a05c07c0 JavaThread "parallel-2" daemon [_thread_blocked, id=7032, stack(0x000000189c700000,0x000000189c800000)]
  0x000001d9a05c02b0 JavaThread "parallel-3" daemon [_thread_blocked, id=1500, stack(0x000000189c800000,0x000000189c900000)]
  0x000001d9a05bee70 JavaThread "parallel-4" daemon [_thread_blocked, id=14516, stack(0x000000189cd00000,0x000000189ce00000)]
  0x000001d9a05bf890 JavaThread "parallel-5" daemon [_thread_blocked, id=4228, stack(0x000000189ce00000,0x000000189cf00000)]
  0x000001d9a069d750 JavaThread "Reconciler-1" daemon [_thread_blocked, id=8956, stack(0x000000189d000000,0x000000189d100000)]
  0x000001d9a06a4bc0 JavaThread "parallel-6" daemon [_thread_blocked, id=12992, stack(0x000000189b900000,0x000000189ba00000)]
  0x000001d9a06a50d0 JavaThread "parallel-7" daemon [_thread_blocked, id=11668, stack(0x000000189c200000,0x000000189c300000)]
  0x000001d9a069e170 JavaThread "parallel-8" daemon [_thread_blocked, id=14396, stack(0x000000189c300000,0x000000189c400000)]
  0x000001d9a06a09f0 JavaThread "CompletableFutureDelayScheduler" daemon [_thread_blocked, id=6784, stack(0x000000189cc00000,0x000000189cd00000)]

Other Threads:
=>0x000001d99a887da0 VMThread "VM Thread" [stack: 0x000000189a500000,0x000000189a600000] [id=1800]
  0x000001d99ac19cc0 WatcherThread [stack: 0x000000189b200000,0x000000189b300000] [id=7808]
  0x000001d98daf4fe0 GCTaskThread "GC Thread#0" [stack: 0x000000189a000000,0x000000189a100000] [id=17704]
  0x000001d99f88f4a0 GCTaskThread "GC Thread#1" [stack: 0x000000189af00000,0x000000189b000000] [id=14896]
  0x000001d99f88f760 GCTaskThread "GC Thread#2" [stack: 0x000000189b000000,0x000000189b100000] [id=1820]
  0x000001d99f6f14a0 GCTaskThread "GC Thread#3" [stack: 0x000000189b400000,0x000000189b500000] [id=11248]
  0x000001d99faa4140 GCTaskThread "GC Thread#4" [stack: 0x000000189b500000,0x000000189b600000] [id=19008]
  0x000001d99fadc910 GCTaskThread "GC Thread#5" [stack: 0x000000189b600000,0x000000189b700000] [id=12340]
  0x000001d99fddf1f0 GCTaskThread "GC Thread#6" [stack: 0x000000189ba00000,0x000000189bb00000] [id=4216]
  0x000001d99fdde6c0 GCTaskThread "GC Thread#7" [stack: 0x000000189bb00000,0x000000189bc00000] [id=17252]
  0x000001d98dafde40 ConcurrentGCThread "G1 Main Marker" [stack: 0x000000189a100000,0x000000189a200000] [id=8980]
  0x000001d98dafe770 ConcurrentGCThread "G1 Conc#0" [stack: 0x000000189a200000,0x000000189a300000] [id=9192]
  0x000001d99fd5ec60 ConcurrentGCThread "G1 Conc#1" [stack: 0x000000189bc00000,0x000000189bd00000] [id=5944]
  0x000001d98db54b60 ConcurrentGCThread "G1 Refine#0" [stack: 0x000000189a300000,0x000000189a400000] [id=16680]
  0x000001d99a702a10 ConcurrentGCThread "G1 Service" [stack: 0x000000189a400000,0x000000189a500000] [id=11524]

Threads with active compile tasks:

VM state: at safepoint (normal execution)

VM Mutex/Monitor currently owned by a thread:  ([mutex/lock_event])
[0x000001d98d8c3bc0] Threads_lock - owner thread: 0x000001d99a887da0
[0x000001d98d8be050] Heap_lock - owner thread: 0x000001d9a035c840

Heap address: 0x00000000c0000000, size: 1024 MB, Compressed Oops mode: 32-bit

CDS archive(s) not mapped
Compressed class space mapped at: 0x0000000100000000-0x0000000140000000, reserved size: 1073741824
Narrow klass base: 0x0000000000000000, Narrow klass shift: 3, Narrow klass range: 0x140000000

GC Precious Log:
 CPUs: 8 total, 8 available
 Memory: 8034M
 Large Page Support: Disabled
 NUMA Support: Disabled
 Compressed Oops: Enabled (32-bit)
 Heap Region Size: 1M
 Heap Min Capacity: 8M
 Heap Initial Capacity: 126M
 Heap Max Capacity: 1G
 Pre-touch: Disabled
 Parallel Workers: 8
 Concurrent Workers: 2
 Concurrent Refinement Workers: 8
 Periodic GC: Disabled

Heap:
 garbage-first heap   total 91136K, used 39731K [0x00000000c0000000, 0x0000000100000000)
  region size 1024K, 1 young (1024K), 0 survivors (0K)
 Metaspace       used 63318K, committed 63808K, reserved 1114112K
  class space    used 7793K, committed 8000K, reserved 1048576K

Heap Regions: E=young(eden), S=young(survivor), O=old, HS=humongous(starts), HC=humongous(continues), CS=collection set, F=free, OA=open archive, CA=closed archive, TAMS=top-at-mark-start (previous, next)
|   0|0x00000000c0000000, 0x00000000c0100000, 0x00000000c0100000|100%|HS|  |TAMS 0x00000000c0100000, 0x00000000c0000000| Untracked 
|   1|0x00000000c0100000, 0x00000000c0200000, 0x00000000c0200000|100%|HC|  |TAMS 0x00000000c0200000, 0x00000000c0100000| Untracked 
|   2|0x00000000c0200000, 0x00000000c0300000, 0x00000000c0300000|100%|HC|  |TAMS 0x00000000c0300000, 0x00000000c0200000| Untracked 
|   3|0x00000000c0300000, 0x00000000c0400000, 0x00000000c0400000|100%|HC|  |TAMS 0x00000000c0400000, 0x00000000c0300000| Untracked 
|   4|0x00000000c0400000, 0x00000000c0500000, 0x00000000c0500000|100%|HS|  |TAMS 0x00000000c0500000, 0x00000000c0400000| Untracked 
|   5|0x00000000c0500000, 0x00000000c0600000, 0x00000000c0600000|100%|HC|  |TAMS 0x00000000c0600000, 0x00000000c0500000| Untracked 
|   6|0x00000000c0600000, 0x00000000c0700000, 0x00000000c0700000|100%| O|  |TAMS 0x00000000c0700000, 0x00000000c0600000| Untracked 
|   7|0x00000000c0700000, 0x00000000c0800000, 0x00000000c0800000|100%| O|  |TAMS 0x00000000c0800000, 0x00000000c0700000| Untracked 
|   8|0x00000000c0800000, 0x00000000c08fcd30, 0x00000000c0900000| 98%| O|  |TAMS 0x00000000c08fcd30, 0x00000000c0800000| Untracked 
|   9|0x00000000c0900000, 0x00000000c09fffb0, 0x00000000c0a00000| 99%| O|  |TAMS 0x00000000c09fffb0, 0x00000000c0900000| Untracked 
|  10|0x00000000c0a00000, 0x00000000c0b00000, 0x00000000c0b00000|100%| O|  |TAMS 0x00000000c0b00000, 0x00000000c0a00000| Untracked 
|  11|0x00000000c0b00000, 0x00000000c0c00000, 0x00000000c0c00000|100%| O|  |TAMS 0x00000000c0c00000, 0x00000000c0b00000| Untracked 
|  12|0x00000000c0c00000, 0x00000000c0d00000, 0x00000000c0d00000|100%| O|  |TAMS 0x00000000c0d00000, 0x00000000c0c00000| Untracked 
|  13|0x00000000c0d00000, 0x00000000c0dfffe0, 0x00000000c0e00000| 99%| O|  |TAMS 0x00000000c0dfffe0, 0x00000000c0d00000| Untracked 
|  14|0x00000000c0e00000, 0x00000000c0efb408, 0x00000000c0f00000| 98%| O|  |TAMS 0x00000000c0efb408, 0x00000000c0e00000| Untracked 
|  15|0x00000000c0f00000, 0x00000000c0ffff88, 0x00000000c1000000| 99%| O|  |TAMS 0x00000000c0ffff88, 0x00000000c0f00000| Untracked 
|  16|0x00000000c1000000, 0x00000000c10f7948, 0x00000000c1100000| 96%| O|  |TAMS 0x00000000c10f7948, 0x00000000c1000000| Untracked 
|  17|0x00000000c1100000, 0x00000000c11fffa0, 0x00000000c1200000| 99%| O|  |TAMS 0x00000000c11fffa0, 0x00000000c1100000| Untracked 
|  18|0x00000000c1200000, 0x00000000c1300000, 0x00000000c1300000|100%| O|  |TAMS 0x00000000c1300000, 0x00000000c1200000| Untracked 
|  19|0x00000000c1300000, 0x00000000c13ffff0, 0x00000000c1400000| 99%| O|  |TAMS 0x00000000c13ffff0, 0x00000000c1300000| Untracked 
|  20|0x00000000c1400000, 0x00000000c14fff98, 0x00000000c1500000| 99%| O|  |TAMS 0x00000000c14fff98, 0x00000000c1400000| Untracked 
|  21|0x00000000c1500000, 0x00000000c15fff98, 0x00000000c1600000| 99%| O|  |TAMS 0x00000000c15fff98, 0x00000000c1500000| Untracked 
|  22|0x00000000c1600000, 0x00000000c1700000, 0x00000000c1700000|100%| O|  |TAMS 0x00000000c1700000, 0x00000000c1600000| Untracked 
|  23|0x00000000c1700000, 0x00000000c17ffff8, 0x00000000c1800000| 99%| O|  |TAMS 0x00000000c17ffff8, 0x00000000c1700000| Untracked 
|  24|0x00000000c1800000, 0x00000000c18fffe0, 0x00000000c1900000| 99%| O|  |TAMS 0x00000000c18fffe0, 0x00000000c1800000| Untracked 
|  25|0x00000000c1900000, 0x00000000c19fffe8, 0x00000000c1a00000| 99%| O|  |TAMS 0x00000000c19fffe8, 0x00000000c1900000| Untracked 
|  26|0x00000000c1a00000, 0x00000000c1affff0, 0x00000000c1b00000| 99%| O|  |TAMS 0x00000000c1affff0, 0x00000000c1a00000| Untracked 
|  27|0x00000000c1b00000, 0x00000000c1bfffe8, 0x00000000c1c00000| 99%| O|  |TAMS 0x00000000c1bfffe8, 0x00000000c1b00000| Untracked 
|  28|0x00000000c1c00000, 0x00000000c1cffff8, 0x00000000c1d00000| 99%| O|  |TAMS 0x00000000c1cffff8, 0x00000000c1c00000| Untracked 
|  29|0x00000000c1d00000, 0x00000000c1dfffd0, 0x00000000c1e00000| 99%| O|  |TAMS 0x00000000c1dfffd0, 0x00000000c1d00000| Untracked 
|  30|0x00000000c1e00000, 0x00000000c1efff40, 0x00000000c1f00000| 99%| O|  |TAMS 0x00000000c1efff40, 0x00000000c1e00000| Untracked 
|  31|0x00000000c1f00000, 0x00000000c2000000, 0x00000000c2000000|100%|HS|  |TAMS 0x00000000c2000000, 0x00000000c1f00000| Untracked 
|  32|0x00000000c2000000, 0x00000000c20f4e90, 0x00000000c2100000| 95%| O|  |TAMS 0x00000000c20f4e90, 0x00000000c2000000| Untracked 
|  33|0x00000000c2100000, 0x00000000c21fee98, 0x00000000c2200000| 99%| O|  |TAMS 0x00000000c21fee98, 0x00000000c2100000| Untracked 
|  34|0x00000000c2200000, 0x00000000c22ffff0, 0x00000000c2300000| 99%| O|  |TAMS 0x00000000c22ffff0, 0x00000000c2200000| Untracked 
|  35|0x00000000c2300000, 0x00000000c23fffc0, 0x00000000c2400000| 99%| O|  |TAMS 0x00000000c23fffc0, 0x00000000c2300000| Untracked 
|  36|0x00000000c2400000, 0x00000000c24fffe8, 0x00000000c2500000| 99%| O|  |TAMS 0x00000000c24fffe8, 0x00000000c2400000| Untracked 
|  37|0x00000000c2500000, 0x00000000c25ff7e8, 0x00000000c2600000| 99%| O|  |TAMS 0x00000000c25ff7e8, 0x00000000c2500000| Untracked 
|  38|0x00000000c2600000, 0x00000000c26ea278, 0x00000000c2700000| 91%| O|  |TAMS 0x00000000c2600000, 0x00000000c2600000| Untracked 
|  39|0x00000000c2700000, 0x00000000c2700068, 0x00000000c2800000|  0%| O|  |TAMS 0x00000000c2700000, 0x00000000c2700000| Untracked 
|  40|0x00000000c2800000, 0x00000000c2800000, 0x00000000c2900000|  0%| F|  |TAMS 0x00000000c2800000, 0x00000000c2800000| Untracked 
|  41|0x00000000c2900000, 0x00000000c2900000, 0x00000000c2a00000|  0%| F|  |TAMS 0x00000000c2900000, 0x00000000c2900000| Untracked 
|  42|0x00000000c2a00000, 0x00000000c2a00000, 0x00000000c2b00000|  0%| F|  |TAMS 0x00000000c2a00000, 0x00000000c2a00000| Untracked 
|  43|0x00000000c2b00000, 0x00000000c2b00000, 0x00000000c2c00000|  0%| F|  |TAMS 0x00000000c2b00000, 0x00000000c2b00000| Untracked 
|  44|0x00000000c2c00000, 0x00000000c2c00000, 0x00000000c2d00000|  0%| F|  |TAMS 0x00000000c2c00000, 0x00000000c2c00000| Untracked 
|  45|0x00000000c2d00000, 0x00000000c2d00000, 0x00000000c2e00000|  0%| F|  |TAMS 0x00000000c2d00000, 0x00000000c2d00000| Untracked 
|  46|0x00000000c2e00000, 0x00000000c2e00000, 0x00000000c2f00000|  0%| F|  |TAMS 0x00000000c2e00000, 0x00000000c2e00000| Untracked 
|  47|0x00000000c2f00000, 0x00000000c2f00000, 0x00000000c3000000|  0%| F|  |TAMS 0x00000000c2f00000, 0x00000000c2f00000| Untracked 
|  48|0x00000000c3000000, 0x00000000c3000000, 0x00000000c3100000|  0%| F|  |TAMS 0x00000000c3000000, 0x00000000c3000000| Untracked 
|  49|0x00000000c3100000, 0x00000000c3100000, 0x00000000c3200000|  0%| F|  |TAMS 0x00000000c3100000, 0x00000000c3100000| Untracked 
|  50|0x00000000c3200000, 0x00000000c3200000, 0x00000000c3300000|  0%| F|  |TAMS 0x00000000c3200000, 0x00000000c3200000| Untracked 
|  51|0x00000000c3300000, 0x00000000c3300000, 0x00000000c3400000|  0%| F|  |TAMS 0x00000000c3300000, 0x00000000c3300000| Untracked 
|  52|0x00000000c3400000, 0x00000000c3400000, 0x00000000c3500000|  0%| F|  |TAMS 0x00000000c3400000, 0x00000000c3400000| Untracked 
|  53|0x00000000c3500000, 0x00000000c3500000, 0x00000000c3600000|  0%| F|  |TAMS 0x00000000c3500000, 0x00000000c3500000| Untracked 
|  54|0x00000000c3600000, 0x00000000c3600000, 0x00000000c3700000|  0%| F|  |TAMS 0x00000000c3600000, 0x00000000c3600000| Untracked 
|  55|0x00000000c3700000, 0x00000000c3700000, 0x00000000c3800000|  0%| F|  |TAMS 0x00000000c3700000, 0x00000000c3700000| Untracked 
|  56|0x00000000c3800000, 0x00000000c3800000, 0x00000000c3900000|  0%| F|  |TAMS 0x00000000c3800000, 0x00000000c3800000| Untracked 
|  57|0x00000000c3900000, 0x00000000c3900000, 0x00000000c3a00000|  0%| F|  |TAMS 0x00000000c3900000, 0x00000000c3900000| Untracked 
|  58|0x00000000c3a00000, 0x00000000c3a00000, 0x00000000c3b00000|  0%| F|  |TAMS 0x00000000c3a00000, 0x00000000c3a00000| Untracked 
|  59|0x00000000c3b00000, 0x00000000c3b00000, 0x00000000c3c00000|  0%| F|  |TAMS 0x00000000c3b00000, 0x00000000c3b00000| Untracked 
|  60|0x00000000c3c00000, 0x00000000c3c00000, 0x00000000c3d00000|  0%| F|  |TAMS 0x00000000c3c00000, 0x00000000c3c00000| Untracked 
|  61|0x00000000c3d00000, 0x00000000c3d00000, 0x00000000c3e00000|  0%| F|  |TAMS 0x00000000c3d00000, 0x00000000c3d00000| Untracked 
|  62|0x00000000c3e00000, 0x00000000c3e00000, 0x00000000c3f00000|  0%| F|  |TAMS 0x00000000c3e00000, 0x00000000c3e00000| Untracked 
|  63|0x00000000c3f00000, 0x00000000c3f00000, 0x00000000c4000000|  0%| F|  |TAMS 0x00000000c3f00000, 0x00000000c3f00000| Untracked 
|  64|0x00000000c4000000, 0x00000000c4000000, 0x00000000c4100000|  0%| F|  |TAMS 0x00000000c4000000, 0x00000000c4000000| Untracked 
|  65|0x00000000c4100000, 0x00000000c4100000, 0x00000000c4200000|  0%| F|  |TAMS 0x00000000c4100000, 0x00000000c4100000| Untracked 
|  66|0x00000000c4200000, 0x00000000c4200000, 0x00000000c4300000|  0%| F|  |TAMS 0x00000000c4200000, 0x00000000c4200000| Untracked 
|  67|0x00000000c4300000, 0x00000000c4300000, 0x00000000c4400000|  0%| F|  |TAMS 0x00000000c4300000, 0x00000000c4300000| Untracked 
|  68|0x00000000c4400000, 0x00000000c4400000, 0x00000000c4500000|  0%| F|  |TAMS 0x00000000c4400000, 0x00000000c4400000| Untracked 
|  69|0x00000000c4500000, 0x00000000c4500000, 0x00000000c4600000|  0%| F|  |TAMS 0x00000000c4500000, 0x00000000c4500000| Untracked 
|  70|0x00000000c4600000, 0x00000000c4600000, 0x00000000c4700000|  0%| F|  |TAMS 0x00000000c4600000, 0x00000000c4600000| Untracked 
|  71|0x00000000c4700000, 0x00000000c4700000, 0x00000000c4800000|  0%| F|  |TAMS 0x00000000c4700000, 0x00000000c4700000| Untracked 
|  72|0x00000000c4800000, 0x00000000c4800000, 0x00000000c4900000|  0%| F|  |TAMS 0x00000000c4800000, 0x00000000c4800000| Untracked 
|  73|0x00000000c4900000, 0x00000000c4900000, 0x00000000c4a00000|  0%| F|  |TAMS 0x00000000c4900000, 0x00000000c4900000| Untracked 
|  74|0x00000000c4a00000, 0x00000000c4a00000, 0x00000000c4b00000|  0%| F|  |TAMS 0x00000000c4a00000, 0x00000000c4a00000| Untracked 
|  75|0x00000000c4b00000, 0x00000000c4b00000, 0x00000000c4c00000|  0%| F|  |TAMS 0x00000000c4b00000, 0x00000000c4b00000| Untracked 
|  76|0x00000000c4c00000, 0x00000000c4c00000, 0x00000000c4d00000|  0%| F|  |TAMS 0x00000000c4c00000, 0x00000000c4c00000| Untracked 
|  77|0x00000000c4d00000, 0x00000000c4d00000, 0x00000000c4e00000|  0%| F|  |TAMS 0x00000000c4d00000, 0x00000000c4d00000| Untracked 
|  78|0x00000000c4e00000, 0x00000000c4e00000, 0x00000000c4f00000|  0%| F|  |TAMS 0x00000000c4e00000, 0x00000000c4e00000| Untracked 
|  79|0x00000000c4f00000, 0x00000000c4f00000, 0x00000000c5000000|  0%| F|  |TAMS 0x00000000c4f00000, 0x00000000c4f00000| Untracked 
|  80|0x00000000c5000000, 0x00000000c5000000, 0x00000000c5100000|  0%| F|  |TAMS 0x00000000c5000000, 0x00000000c5000000| Untracked 
|  81|0x00000000c5100000, 0x00000000c5100000, 0x00000000c5200000|  0%| F|  |TAMS 0x00000000c5100000, 0x00000000c5100000| Untracked 
|  82|0x00000000c5200000, 0x00000000c5200000, 0x00000000c5300000|  0%| F|  |TAMS 0x00000000c5200000, 0x00000000c5200000| Untracked 
|  85|0x00000000c5500000, 0x00000000c5500000, 0x00000000c5600000|  0%| F|  |TAMS 0x00000000c5500000, 0x00000000c5500000| Untracked 
|  86|0x00000000c5600000, 0x00000000c5600000, 0x00000000c5700000|  0%| F|  |TAMS 0x00000000c5600000, 0x00000000c5600000| Untracked 
|  87|0x00000000c5700000, 0x00000000c5700000, 0x00000000c5800000|  0%| F|  |TAMS 0x00000000c5700000, 0x00000000c5700000| Untracked 
|  88|0x00000000c5800000, 0x00000000c5800000, 0x00000000c5900000|  0%| F|  |TAMS 0x00000000c5800000, 0x00000000c5800000| Untracked 
|  89|0x00000000c5900000, 0x00000000c5900000, 0x00000000c5a00000|  0%| F|  |TAMS 0x00000000c5900000, 0x00000000c5900000| Untracked 
| 125|0x00000000c7d00000, 0x00000000c7d0d008, 0x00000000c7e00000|  5%| E|  |TAMS 0x00000000c7d00000, 0x00000000c7d00000| Complete 

Card table byte_map: [0x000001d995a00000,0x000001d995c00000] _byte_map_base: 0x000001d995400000

Marking Bits (Prev, Next): (CMBitMap*) 0x000001d98daf5510, (CMBitMap*) 0x000001d98daf5550
 Prev Bits: [0x000001d995e00000, 0x000001d996e00000)
 Next Bits: [0x000001d996e00000, 0x000001d997e00000)

Polling page: 0x000001d991ef0000

Metaspace:

Usage:
  Non-class:     54.22 MB used.
      Class:      7.61 MB used.
       Both:     61.83 MB used.

Virtual space:
  Non-class space:       64.00 MB reserved,      54.50 MB ( 85%) committed,  1 nodes.
      Class space:        1.00 GB reserved,       7.81 MB ( <1%) committed,  1 nodes.
             Both:        1.06 GB reserved,      62.31 MB (  6%) committed. 

Chunk freelists:
   Non-Class:  9.46 MB
       Class:  8.15 MB
        Both:  17.61 MB

MaxMetaspaceSize: unlimited
CompressedClassSpaceSize: 1.00 GB
Initial GC threshold: 21.00 MB
Current GC threshold: 103.88 MB
CDS: off
MetaspaceReclaimPolicy: balanced
 - commit_granule_bytes: 65536.
 - commit_granule_words: 8192.
 - virtual_space_node_default_size: 8388608.
 - enlarge_chunks_in_place: 1.
 - new_chunks_are_fully_committed: 0.
 - uncommit_free_chunks: 1.
 - use_allocation_guard: 0.
 - handle_deallocations: 1.


Internal statistics:

num_allocs_failed_limit: 8.
num_arena_births: 882.
num_arena_deaths: 356.
num_vsnodes_births: 2.
num_vsnodes_deaths: 0.
num_space_committed: 996.
num_space_uncommitted: 0.
num_chunks_returned_to_freelist: 444.
num_chunks_taken_from_freelist: 3068.
num_chunk_merges: 147.
num_chunk_splits: 1979.
num_chunks_enlarged: 1460.
num_inconsistent_stats: 0.

CodeCache: size=49152Kb used=20599Kb max_used=21488Kb free=28552Kb
 bounds [0x000001d991f10000, 0x000001d993470000, 0x000001d994f10000]
 total_blobs=11272 nmethods=10587 adapters=610
 compilation: enabled
              stopped_count=0, restarted_count=0
 full_count=0

Compilation events (20 events):
Event: 8655.531 Thread 0x000001d99a9fe880 10721   !   1       java.util.concurrent.ConcurrentHashMap::tryPresize (193 bytes)
Event: 8655.532 Thread 0x000001d99a9fe880 nmethod 10721 0x000001d993408d90 code [0x000001d993408f40, 0x000001d993409348]
Event: 8655.533 Thread 0x000001d99a9fe880 10722       1       java.io.Writer::append (7 bytes)
Event: 8655.533 Thread 0x000001d99a9fe880 nmethod 10722 0x000001d993408a90 code [0x000001d993408c20, 0x000001d993408d28]
Event: 8655.537 Thread 0x000001d99a9fe880 10723       1       com.google.gson.Gson::getAdapter (9 bytes)
Event: 8655.537 Thread 0x000001d99a9fe880 nmethod 10723 0x000001d993408690 code [0x000001d993408840, 0x000001d993408998]
Event: 8661.213 Thread 0x000001d99a9fe880 10724       1       org.eclipse.jdt.internal.compiler.lookup.TypeBinding::getIntersectingTypes (2 bytes)
Event: 8661.213 Thread 0x000001d99a9fe880 nmethod 10724 0x000001d993408390 code [0x000001d993408520, 0x000001d9934085f8]
Event: 8661.217 Thread 0x000001d99a9fe880 10725       1       org.eclipse.jdt.internal.compiler.lookup.ParameterizedMethodBinding$1::isRawSubstitution (21 bytes)
Event: 8661.218 Thread 0x000001d99a9fe880 nmethod 10725 0x000001d993407f90 code [0x000001d993408140, 0x000001d9934082a8]
Event: 8661.223 Thread 0x000001d99a9fe880 10726       1       jdk.internal.reflect.ClassFileAssembler::decStack (11 bytes)
Event: 8661.223 Thread 0x000001d99a9fe880 nmethod 10726 0x000001d993407c90 code [0x000001d993407e20, 0x000001d993407ef8]
Event: 8661.250 Thread 0x000001d99a9fe880 10727       1       com.google.gson.internal.bind.ObjectTypeAdapter::write (47 bytes)
Event: 8661.250 Thread 0x000001d99a9fe880 nmethod 10727 0x000001d993407610 code [0x000001d993407800, 0x000001d993407ad8]
Event: 8661.304 Thread 0x000001d99a9fe880 10728   !   1       org.springframework.ide.vscode.commons.util.UriUtil::toFileString (22 bytes)
Event: 8661.305 Thread 0x000001d99a9fe880 nmethod 10728 0x000001d993406e90 code [0x000001d993407060, 0x000001d993407428]
Event: 8671.058 Thread 0x000001d99a9fe880 10729       1       org.eclipse.jdt.internal.compiler.lookup.BoundSet::combineSameSubSuperWithProperType (129 bytes)
Event: 8671.060 Thread 0x000001d99a9fe880 nmethod 10729 0x000001d993406490 code [0x000001d9934066a0, 0x000001d993406c48]
Event: 8671.061 Thread 0x000001d99a9fe880 10730       1       org.eclipse.jdt.internal.compiler.ast.LambdaExpression::argumentTypes (5 bytes)
Event: 8671.061 Thread 0x000001d99a9fe880 nmethod 10730 0x000001d993406190 code [0x000001d993406320, 0x000001d9934063f8]

GC Heap History (20 events):
Event: 9113.796 GC heap before
{Heap before GC invocations=423 (full 335):
 garbage-first heap   total 91136K, used 39731K [0x00000000c0000000, 0x0000000100000000)
  region size 1024K, 1 young (1024K), 0 survivors (0K)
 Metaspace       used 63318K, committed 63808K, reserved 1114112K
  class space    used 7793K, committed 8000K, reserved 1048576K
}
Event: 9113.875 GC heap after
{Heap after GC invocations=424 (full 336):
 garbage-first heap   total 91136K, used 39731K [0x00000000c0000000, 0x0000000100000000)
  region size 1024K, 0 young (0K), 0 survivors (0K)
 Metaspace       used 63318K, committed 63808K, reserved 1114112K
  class space    used 7793K, committed 8000K, reserved 1048576K
}
Event: 9124.068 GC heap before
{Heap before GC invocations=424 (full 336):
 garbage-first heap   total 91136K, used 39731K [0x00000000c0000000, 0x0000000100000000)
  region size 1024K, 1 young (1024K), 0 survivors (0K)
 Metaspace       used 63318K, committed 63808K, reserved 1114112K
  class space    used 7793K, committed 8000K, reserved 1048576K
}
Event: 9124.124 GC heap after
{Heap after GC invocations=425 (full 337):
 garbage-first heap   total 91136K, used 39731K [0x00000000c0000000, 0x0000000100000000)
  region size 1024K, 0 young (0K), 0 survivors (0K)
 Metaspace       used 63318K, committed 63808K, reserved 1114112K
  class space    used 7793K, committed 8000K, reserved 1048576K
}
Event: 9134.314 GC heap before
{Heap before GC invocations=425 (full 337):
 garbage-first heap   total 91136K, used 39731K [0x00000000c0000000, 0x0000000100000000)
  region size 1024K, 1 young (1024K), 0 survivors (0K)
 Metaspace       used 63318K, committed 63808K, reserved 1114112K
  class space    used 7793K, committed 8000K, reserved 1048576K
}
Event: 9134.388 GC heap after
{Heap after GC invocations=426 (full 338):
 garbage-first heap   total 91136K, used 39731K [0x00000000c0000000, 0x0000000100000000)
  region size 1024K, 0 young (0K), 0 survivors (0K)
 Metaspace       used 63318K, committed 63808K, reserved 1114112K
  class space    used 7793K, committed 8000K, reserved 1048576K
}
Event: 9144.552 GC heap before
{Heap before GC invocations=426 (full 338):
 garbage-first heap   total 91136K, used 39731K [0x00000000c0000000, 0x0000000100000000)
  region size 1024K, 1 young (1024K), 0 survivors (0K)
 Metaspace       used 63318K, committed 63808K, reserved 1114112K
  class space    used 7793K, committed 8000K, reserved 1048576K
}
Event: 9144.609 GC heap after
{Heap after GC invocations=427 (full 339):
 garbage-first heap   total 91136K, used 39731K [0x00000000c0000000, 0x0000000100000000)
  region size 1024K, 0 young (0K), 0 survivors (0K)
 Metaspace       used 63318K, committed 63808K, reserved 1114112K
  class space    used 7793K, committed 8000K, reserved 1048576K
}
Event: 9154.801 GC heap before
{Heap before GC invocations=427 (full 339):
 garbage-first heap   total 91136K, used 39731K [0x00000000c0000000, 0x0000000100000000)
  region size 1024K, 1 young (1024K), 0 survivors (0K)
 Metaspace       used 63318K, committed 63808K, reserved 1114112K
  class space    used 7793K, committed 8000K, reserved 1048576K
}
Event: 9154.892 GC heap after
{Heap after GC invocations=428 (full 340):
 garbage-first heap   total 91136K, used 39731K [0x00000000c0000000, 0x0000000100000000)
  region size 1024K, 0 young (0K), 0 survivors (0K)
 Metaspace       used 63318K, committed 63808K, reserved 1114112K
  class space    used 7793K, committed 8000K, reserved 1048576K
}
Event: 9165.105 GC heap before
{Heap before GC invocations=428 (full 340):
 garbage-first heap   total 91136K, used 39731K [0x00000000c0000000, 0x0000000100000000)
  region size 1024K, 1 young (1024K), 0 survivors (0K)
 Metaspace       used 63318K, committed 63808K, reserved 1114112K
  class space    used 7793K, committed 8000K, reserved 1048576K
}
Event: 9165.180 GC heap after
{Heap after GC invocations=429 (full 341):
 garbage-first heap   total 91136K, used 39731K [0x00000000c0000000, 0x0000000100000000)
  region size 1024K, 0 young (0K), 0 survivors (0K)
 Metaspace       used 63318K, committed 63808K, reserved 1114112K
  class space    used 7793K, committed 8000K, reserved 1048576K
}
Event: 9175.373 GC heap before
{Heap before GC invocations=429 (full 341):
 garbage-first heap   total 91136K, used 39731K [0x00000000c0000000, 0x0000000100000000)
  region size 1024K, 1 young (1024K), 0 survivors (0K)
 Metaspace       used 63318K, committed 63808K, reserved 1114112K
  class space    used 7793K, committed 8000K, reserved 1048576K
}
Event: 9175.462 GC heap after
{Heap after GC invocations=430 (full 342):
 garbage-first heap   total 91136K, used 39731K [0x00000000c0000000, 0x0000000100000000)
  region size 1024K, 0 young (0K), 0 survivors (0K)
 Metaspace       used 63318K, committed 63808K, reserved 1114112K
  class space    used 7793K, committed 8000K, reserved 1048576K
}
Event: 9185.638 GC heap before
{Heap before GC invocations=430 (full 342):
 garbage-first heap   total 91136K, used 39731K [0x00000000c0000000, 0x0000000100000000)
  region size 1024K, 1 young (1024K), 0 survivors (0K)
 Metaspace       used 63318K, committed 63808K, reserved 1114112K
  class space    used 7793K, committed 8000K, reserved 1048576K
}
Event: 9185.696 GC heap after
{Heap after GC invocations=431 (full 343):
 garbage-first heap   total 91136K, used 39731K [0x00000000c0000000, 0x0000000100000000)
  region size 1024K, 0 young (0K), 0 survivors (0K)
 Metaspace       used 63318K, committed 63808K, reserved 1114112K
  class space    used 7793K, committed 8000K, reserved 1048576K
}
Event: 9195.893 GC heap before
{Heap before GC invocations=431 (full 343):
 garbage-first heap   total 91136K, used 39731K [0x00000000c0000000, 0x0000000100000000)
  region size 1024K, 1 young (1024K), 0 survivors (0K)
 Metaspace       used 63318K, committed 63808K, reserved 1114112K
  class space    used 7793K, committed 8000K, reserved 1048576K
}
Event: 9195.950 GC heap after
{Heap after GC invocations=432 (full 344):
 garbage-first heap   total 91136K, used 39731K [0x00000000c0000000, 0x0000000100000000)
  region size 1024K, 0 young (0K), 0 survivors (0K)
 Metaspace       used 63318K, committed 63808K, reserved 1114112K
  class space    used 7793K, committed 8000K, reserved 1048576K
}
Event: 9206.141 GC heap before
{Heap before GC invocations=432 (full 344):
 garbage-first heap   total 91136K, used 39731K [0x00000000c0000000, 0x0000000100000000)
  region size 1024K, 1 young (1024K), 0 survivors (0K)
 Metaspace       used 63318K, committed 63808K, reserved 1114112K
  class space    used 7793K, committed 8000K, reserved 1048576K
}
Event: 9206.220 GC heap after
{Heap after GC invocations=433 (full 345):
 garbage-first heap   total 91136K, used 39731K [0x00000000c0000000, 0x0000000100000000)
  region size 1024K, 0 young (0K), 0 survivors (0K)
 Metaspace       used 63318K, committed 63808K, reserved 1114112K
  class space    used 7793K, committed 8000K, reserved 1048576K
}

Dll operation events (10 events):
Event: 0.012 Loaded shared library c:\Users\Aditya\.vscode\extensions\redhat.java-1.33.0-win32-x64\jre\17.0.11-win32-x86_64\bin\java.dll
Event: 0.601 Loaded shared library C:\Users\Aditya\.vscode\extensions\redhat.java-1.33.0-win32-x64\jre\17.0.11-win32-x86_64\bin\net.dll
Event: 0.607 Loaded shared library C:\Users\Aditya\.vscode\extensions\redhat.java-1.33.0-win32-x64\jre\17.0.11-win32-x86_64\bin\nio.dll
Event: 1.494 Loaded shared library C:\Users\Aditya\.vscode\extensions\redhat.java-1.33.0-win32-x64\jre\17.0.11-win32-x86_64\bin\zip.dll
Event: 6.966 Loaded shared library C:\Users\Aditya\.vscode\extensions\redhat.java-1.33.0-win32-x64\jre\17.0.11-win32-x86_64\bin\jimage.dll
Event: 8.277 Loaded shared library c:\Users\Aditya\.vscode\extensions\redhat.java-1.33.0-win32-x64\jre\17.0.11-win32-x86_64\bin\verify.dll
Event: 13.753 Loaded shared library C:\Users\Aditya\.vscode\extensions\redhat.java-1.33.0-win32-x64\jre\17.0.11-win32-x86_64\bin\management.dll
Event: 13.757 Loaded shared library C:\Users\Aditya\.vscode\extensions\redhat.java-1.33.0-win32-x64\jre\17.0.11-win32-x86_64\bin\management_ext.dll
Event: 14.890 Loaded shared library C:\Users\Aditya\.vscode\extensions\redhat.java-1.33.0-win32-x64\jre\17.0.11-win32-x86_64\bin\sunmscapi.dll
Event: 15.175 Loaded shared library C:\Users\Aditya\.vscode\extensions\redhat.java-1.33.0-win32-x64\jre\17.0.11-win32-x86_64\bin\extnet.dll

Deoptimization events (20 events):
Event: 15.421 Thread 0x000001d9a05bfda0 DEOPT PACKING pc=0x000001d99299d74c sp=0x000000189c6fe1b0
Event: 15.421 Thread 0x000001d9a05bfda0 DEOPT UNPACKING pc=0x000001d991f67143 sp=0x000000189c6fd690 mode 0
Event: 15.421 Thread 0x000001d9a05bfda0 DEOPT PACKING pc=0x000001d99299938c sp=0x000000189c6fe2e0
Event: 15.421 Thread 0x000001d9a05bfda0 DEOPT UNPACKING pc=0x000001d991f67143 sp=0x000000189c6fd848 mode 0
Event: 15.421 Thread 0x000001d9a05bfda0 DEOPT PACKING pc=0x000001d99299d74c sp=0x000000189c6fe410
Event: 15.421 Thread 0x000001d9a05bfda0 DEOPT UNPACKING pc=0x000001d991f67143 sp=0x000000189c6fd908 mode 0
Event: 15.422 Thread 0x000001d9a05bfda0 DEOPT PACKING pc=0x000001d99299938c sp=0x000000189c6fe780
Event: 15.422 Thread 0x000001d9a05bfda0 DEOPT UNPACKING pc=0x000001d991f67143 sp=0x000000189c6fdce8 mode 0
Event: 15.422 Thread 0x000001d9a05bfda0 DEOPT PACKING pc=0x000001d99299d74c sp=0x000000189c6fe8b0
Event: 15.422 Thread 0x000001d9a05bfda0 DEOPT UNPACKING pc=0x000001d991f67143 sp=0x000000189c6fdda8 mode 0
Event: 575.862 Thread 0x000001d9a04e3040 DEOPT PACKING pc=0x000001d9925ade54 sp=0x000000189bfff1a0
Event: 575.862 Thread 0x000001d9a04e3040 DEOPT UNPACKING pc=0x000001d991f67143 sp=0x000000189bffe648 mode 0
Event: 582.397 Thread 0x000001d9a069dc60 DEOPT PACKING pc=0x000001d99244f4cc sp=0x000000189b7fe370
Event: 582.397 Thread 0x000001d9a069dc60 DEOPT UNPACKING pc=0x000001d991f67143 sp=0x000000189b7fd830 mode 0
Event: 5447.453 Thread 0x000001d9a06a1920 DEOPT PACKING pc=0x000001d99209bca6 sp=0x000000189aefdf70
Event: 5447.453 Thread 0x000001d9a06a1920 DEOPT UNPACKING pc=0x000001d991f67143 sp=0x000000189aefd4f8 mode 0
Event: 5714.156 Thread 0x000001d9a06a0f00 DEOPT PACKING pc=0x000001d992d802bc sp=0x0000001899efe250
Event: 5714.156 Thread 0x000001d9a06a0f00 DEOPT UNPACKING pc=0x000001d991f67143 sp=0x0000001899efd878 mode 0
Event: 5714.156 Thread 0x000001d9a06a0f00 DEOPT PACKING pc=0x000001d992d8016c sp=0x0000001899efe460
Event: 5714.156 Thread 0x000001d9a06a0f00 DEOPT UNPACKING pc=0x000001d991f67143 sp=0x0000001899efda78 mode 0

Classes unloaded (20 events):
Event: 8402.466 Thread 0x000001d99a887da0 Unloading class 0x00000001007cc400 'java/lang/invoke/LambdaForm$MH+0x00000001007cc400'
Event: 8402.466 Thread 0x000001d99a887da0 Unloading class 0x00000001007cc000 'java/lang/invoke/LambdaForm$MH+0x00000001007cc000'
Event: 8402.466 Thread 0x000001d99a887da0 Unloading class 0x00000001007c7400 'java/lang/invoke/LambdaForm$MH+0x00000001007c7400'
Event: 8443.571 Thread 0x000001d99a887da0 Unloading class 0x00000001007d8c00 'java/lang/invoke/LambdaForm$MH+0x00000001007d8c00'
Event: 8443.571 Thread 0x000001d99a887da0 Unloading class 0x00000001007d8800 'java/lang/invoke/LambdaForm$MH+0x00000001007d8800'
Event: 8443.571 Thread 0x000001d99a887da0 Unloading class 0x00000001007d8400 'java/lang/invoke/LambdaForm$MH+0x00000001007d8400'
Event: 8464.044 Thread 0x000001d99a887da0 Unloading class 0x00000001007d5800 'jdk/internal/reflect/GeneratedMethodAccessor34'
Event: 8464.044 Thread 0x000001d99a887da0 Unloading class 0x00000001007d5400 'jdk/internal/reflect/GeneratedConstructorAccessor64'
Event: 8464.044 Thread 0x000001d99a887da0 Unloading class 0x00000001007d5000 'jdk/internal/reflect/GeneratedMethodAccessor33'
Event: 8464.044 Thread 0x000001d99a887da0 Unloading class 0x00000001007d4c00 'jdk/internal/reflect/GeneratedConstructorAccessor63'
Event: 8464.044 Thread 0x000001d99a887da0 Unloading class 0x00000001007d4800 'jdk/internal/reflect/GeneratedMethodAccessor32'
Event: 8464.044 Thread 0x000001d99a887da0 Unloading class 0x00000001007d4400 'jdk/internal/reflect/GeneratedMethodAccessor31'
Event: 8464.044 Thread 0x000001d99a887da0 Unloading class 0x00000001007d4000 'jdk/internal/reflect/GeneratedMethodAccessor30'
Event: 8755.319 Thread 0x000001d99a887da0 Unloading class 0x00000001007d8800 'jdk/internal/reflect/GeneratedMethodAccessor39'
Event: 8755.319 Thread 0x000001d99a887da0 Unloading class 0x00000001007d5400 'jdk/internal/reflect/GeneratedConstructorAccessor67'
Event: 8755.319 Thread 0x000001d99a887da0 Unloading class 0x00000001007d5000 'jdk/internal/reflect/GeneratedMethodAccessor38'
Event: 8755.319 Thread 0x000001d99a887da0 Unloading class 0x00000001007c7400 'jdk/internal/reflect/GeneratedConstructorAccessor66'
Event: 8755.319 Thread 0x000001d99a887da0 Unloading class 0x00000001007cd000 'jdk/internal/reflect/GeneratedMethodAccessor37'
Event: 8755.319 Thread 0x000001d99a887da0 Unloading class 0x00000001007d8400 'jdk/internal/reflect/GeneratedMethodAccessor36'
Event: 8755.319 Thread 0x000001d99a887da0 Unloading class 0x00000001007d5800 'jdk/internal/reflect/GeneratedMethodAccessor35'

Classes redefined (0 events):
No events

Internal exceptions (20 events):
Event: 5003.522 Thread 0x000001d9a069d750 Exception <a 'sun/nio/fs/WindowsException'{0x00000000c3f0c568}> (0x00000000c3f0c568) 
thrown [s\src\hotspot\share\prims\jni.cpp, line 516]
Event: 5003.522 Thread 0x000001d9a069d750 Exception <a 'sun/nio/fs/WindowsException'{0x00000000c3f0c988}> (0x00000000c3f0c988) 
thrown [s\src\hotspot\share\prims\jni.cpp, line 516]
Event: 5003.523 Thread 0x000001d9a069d750 Exception <a 'sun/nio/fs/WindowsException'{0x00000000c3f0d6f8}> (0x00000000c3f0d6f8) 
thrown [s\src\hotspot\share\prims\jni.cpp, line 516]
Event: 5003.523 Thread 0x000001d9a069d750 Exception <a 'sun/nio/fs/WindowsException'{0x00000000c3f0dea8}> (0x00000000c3f0dea8) 
thrown [s\src\hotspot\share\prims\jni.cpp, line 516]
Event: 5003.523 Thread 0x000001d9a069d750 Exception <a 'sun/nio/fs/WindowsException'{0x00000000c3f0e290}> (0x00000000c3f0e290) 
thrown [s\src\hotspot\share\prims\jni.cpp, line 516]
Event: 5003.524 Thread 0x000001d9a069d750 Exception <a 'sun/nio/fs/WindowsException'{0x00000000c3f0f220}> (0x00000000c3f0f220) 
thrown [s\src\hotspot\share\prims\jni.cpp, line 516]
Event: 5003.524 Thread 0x000001d9a069d750 Exception <a 'sun/nio/fs/WindowsException'{0x00000000c3f0f640}> (0x00000000c3f0f640) 
thrown [s\src\hotspot\share\prims\jni.cpp, line 516]
Event: 5003.875 Thread 0x000001d9a069d750 Exception <a 'sun/nio/fs/WindowsException'{0x00000000c4f291c0}> (0x00000000c4f291c0) 
thrown [s\src\hotspot\share\prims\jni.cpp, line 516]
Event: 5003.876 Thread 0x000001d9a069d750 Exception <a 'sun/nio/fs/WindowsException'{0x00000000c4f29938}> (0x00000000c4f29938) 
thrown [s\src\hotspot\share\prims\jni.cpp, line 516]
Event: 5003.876 Thread 0x000001d9a069d750 Exception <a 'sun/nio/fs/WindowsException'{0x00000000c4f29cf8}> (0x00000000c4f29cf8) 
thrown [s\src\hotspot\share\prims\jni.cpp, line 516]
Event: 5003.876 Thread 0x000001d9a069d750 Exception <a 'sun/nio/fs/WindowsException'{0x00000000c4f2ac78}> (0x00000000c4f2ac78) 
thrown [s\src\hotspot\share\prims\jni.cpp, line 516]
Event: 5003.876 Thread 0x000001d9a069d750 Exception <a 'sun/nio/fs/WindowsException'{0x00000000c4f2b088}> (0x00000000c4f2b088) 
thrown [s\src\hotspot\share\prims\jni.cpp, line 516]
Event: 5003.877 Thread 0x000001d9a069d750 Exception <a 'sun/nio/fs/WindowsException'{0x00000000c4f2bdf8}> (0x00000000c4f2bdf8) 
thrown [s\src\hotspot\share\prims\jni.cpp, line 516]
Event: 5003.877 Thread 0x000001d9a069d750 Exception <a 'sun/nio/fs/WindowsException'{0x00000000c4f2c5a8}> (0x00000000c4f2c5a8) 
thrown [s\src\hotspot\share\prims\jni.cpp, line 516]
Event: 5003.877 Thread 0x000001d9a069d750 Exception <a 'sun/nio/fs/WindowsException'{0x00000000c4f2c990}> (0x00000000c4f2c990) 
thrown [s\src\hotspot\share\prims\jni.cpp, line 516]
Event: 5003.877 Thread 0x000001d9a069d750 Exception <a 'sun/nio/fs/WindowsException'{0x00000000c4f2d920}> (0x00000000c4f2d920) 
thrown [s\src\hotspot\share\prims\jni.cpp, line 516]
Event: 5003.877 Thread 0x000001d9a069d750 Exception <a 'sun/nio/fs/WindowsException'{0x00000000c4f2dd40}> (0x00000000c4f2dd40) 
thrown [s\src\hotspot\share\prims\jni.cpp, line 516]
Event: 8000.670 Thread 0x000001d9a06a04e0 Exception <a 'java/lang/ArrayIndexOutOfBoundsException'{0x00000000c5027a40}> (0x00000000c5027a40) 
thrown [s\src\hotspot\share\runtime\sharedRuntime.cpp, line 631]
Event: 8004.664 Thread 0x000001d9a06a04e0 Exception <a 'java/lang/ArrayIndexOutOfBoundsException'{0x00000000c3b98568}> (0x00000000c3b98568) 
thrown [s\src\hotspot\share\runtime\sharedRuntime.cpp, line 631]
Event: 9216.225 Thread 0x000001d9a035c840 Exception <a 'java/io/IOException'{0x00000000c7d00628}: CreateProcess error=1455, The paging file is too small for this operation to complete> (0x00000000c7d00628) 
thrown [s\src\hotspot\share\prims\jni.cpp, line 535]

VM Operations (20 events):
Event: 9124.124 Executing VM operation: G1CollectFull done
Event: 9134.314 Executing VM operation: G1CollectFull
Event: 9134.388 Executing VM operation: G1CollectFull done
Event: 9144.552 Executing VM operation: G1CollectFull
Event: 9144.609 Executing VM operation: G1CollectFull done
Event: 9154.801 Executing VM operation: G1CollectFull
Event: 9154.892 Executing VM operation: G1CollectFull done
Event: 9165.105 Executing VM operation: G1CollectFull
Event: 9165.180 Executing VM operation: G1CollectFull done
Event: 9175.373 Executing VM operation: G1CollectFull
Event: 9175.462 Executing VM operation: G1CollectFull done
Event: 9185.638 Executing VM operation: G1CollectFull
Event: 9185.696 Executing VM operation: G1CollectFull done
Event: 9195.893 Executing VM operation: G1CollectFull
Event: 9195.951 Executing VM operation: G1CollectFull done
Event: 9206.141 Executing VM operation: G1CollectFull
Event: 9206.220 Executing VM operation: G1CollectFull done
Event: 9216.263 Executing VM operation: Cleanup
Event: 9216.263 Executing VM operation: Cleanup done
Event: 9226.261 Executing VM operation: G1CollectFull

Events (20 events):
Event: 8478.033 Thread 0x000001d99fe58600 Thread exited: 0x000001d99fe58600
Event: 8505.333 Thread 0x000001d9a069e680 Thread added: 0x000001d9a069e680
Event: 8558.148 Thread 0x000001d9a1754500 Thread added: 0x000001d9a1754500
Event: 8561.687 Thread 0x000001d9a1754500 Thread exited: 0x000001d9a1754500
Event: 8652.316 Thread 0x000001d9a069e680 Thread exited: 0x000001d9a069e680
Event: 8652.935 Thread 0x000001d9a069e680 Thread added: 0x000001d9a069e680
Event: 8721.943 Thread 0x000001d9a069dc60 Thread exited: 0x000001d9a069dc60
Event: 8721.968 Thread 0x000001d9a069e680 Thread exited: 0x000001d9a069e680
Event: 8731.087 Thread 0x000001d9a069fac0 Thread exited: 0x000001d9a069fac0
Event: 8776.901 Thread 0x000001d9a06a2340 Thread exited: 0x000001d9a06a2340
Event: 8781.952 Thread 0x000001d9a06a41a0 Thread exited: 0x000001d9a06a41a0
Event: 8824.435 Thread 0x000001d9a06a41a0 Thread added: 0x000001d9a06a41a0
Event: 8824.444 Thread 0x000001d9a069dc60 Thread added: 0x000001d9a069dc60
Event: 8889.871 Thread 0x000001d9a069dc60 Thread exited: 0x000001d9a069dc60
Event: 8894.975 Thread 0x000001d9a06a46b0 Thread exited: 0x000001d9a06a46b0
Event: 8895.163 Thread 0x000001d9a06a41a0 Thread exited: 0x000001d9a06a41a0
Event: 8954.988 Thread 0x000001d9a06a3780 Thread exited: 0x000001d9a06a3780
Event: 9014.993 Thread 0x000001d9a06a1410 Thread exited: 0x000001d9a06a1410
Event: 9075.000 Thread 0x000001d9a06a3c90 Thread exited: 0x000001d9a06a3c90
Event: 9135.009 Thread 0x000001d9a069f0a0 Thread exited: 0x000001d9a069f0a0


Dynamic libraries:
0x00007ff787600000 - 0x00007ff78760e000 	c:\Users\Aditya\.vscode\extensions\redhat.java-1.33.0-win32-x64\jre\17.0.11-win32-x86_64\bin\java.exe
0x00007ff858bb0000 - 0x00007ff858dc7000 	C:\WINDOWS\SYSTEM32\ntdll.dll
0x00007ff857ae0000 - 0x00007ff857ba4000 	C:\WINDOWS\System32\KERNEL32.DLL
0x00007ff8563e0000 - 0x00007ff85678d000 	C:\WINDOWS\System32\KERNELBASE.dll
0x00007ff856120000 - 0x00007ff856231000 	C:\WINDOWS\System32\ucrtbase.dll
0x00007ff851660000 - 0x00007ff851677000 	c:\Users\Aditya\.vscode\extensions\redhat.java-1.33.0-win32-x64\jre\17.0.11-win32-x86_64\bin\jli.dll
0x00007ff857400000 - 0x00007ff8575ae000 	C:\WINDOWS\System32\USER32.dll
0x00007ff856790000 - 0x00007ff8567b6000 	C:\WINDOWS\System32\win32u.dll
0x00007ff857d70000 - 0x00007ff857d99000 	C:\WINDOWS\System32\GDI32.dll
0x00007ff8562c0000 - 0x00007ff8563d9000 	C:\WINDOWS\System32\gdi32full.dll
0x00007ff856050000 - 0x00007ff8560ea000 	C:\WINDOWS\System32\msvcp_win.dll
0x00007ff8507a0000 - 0x00007ff8507bb000 	c:\Users\Aditya\.vscode\extensions\redhat.java-1.33.0-win32-x64\jre\17.0.11-win32-x86_64\bin\VCRUNTIME140.dll
0x00007ff840100000 - 0x00007ff840393000 	C:\WINDOWS\WinSxS\amd64_microsoft.windows.common-controls_6595b64144ccf1df_6.0.22621.3672_none_2713b9d173822955\COMCTL32.dll
0x00007ff858780000 - 0x00007ff858827000 	C:\WINDOWS\System32\msvcrt.dll
0x00007ff858b30000 - 0x00007ff858b61000 	C:\WINDOWS\System32\IMM32.DLL
0x00007ff851ee0000 - 0x00007ff851eec000 	c:\Users\Aditya\.vscode\extensions\redhat.java-1.33.0-win32-x64\jre\17.0.11-win32-x86_64\bin\vcruntime140_1.dll
0x00007ff84bb00000 - 0x00007ff84bb8d000 	c:\Users\Aditya\.vscode\extensions\redhat.java-1.33.0-win32-x64\jre\17.0.11-win32-x86_64\bin\msvcp140.dll
0x00007ff80feb0000 - 0x00007ff810b12000 	c:\Users\Aditya\.vscode\extensions\redhat.java-1.33.0-win32-x64\jre\17.0.11-win32-x86_64\bin\server\jvm.dll
0x00007ff857a20000 - 0x00007ff857ad2000 	C:\WINDOWS\System32\ADVAPI32.dll
0x00007ff858030000 - 0x00007ff8580d9000 	C:\WINDOWS\System32\sechost.dll
0x00007ff8560f0000 - 0x00007ff856118000 	C:\WINDOWS\System32\bcrypt.dll
0x00007ff856970000 - 0x00007ff856a84000 	C:\WINDOWS\System32\RPCRT4.dll
0x00007ff854d70000 - 0x00007ff854dbd000 	C:\WINDOWS\SYSTEM32\POWRPROF.dll
0x00007ff83cc40000 - 0x00007ff83cc49000 	C:\WINDOWS\SYSTEM32\WSOCK32.dll
0x00007ff8568f0000 - 0x00007ff856961000 	C:\WINDOWS\System32\WS2_32.dll
0x00007ff850dd0000 - 0x00007ff850e04000 	C:\WINDOWS\SYSTEM32\WINMM.dll
0x00007ff84e060000 - 0x00007ff84e06a000 	C:\WINDOWS\SYSTEM32\VERSION.dll
0x00007ff854d50000 - 0x00007ff854d63000 	C:\WINDOWS\SYSTEM32\UMPDC.dll
0x00007ff855000000 - 0x00007ff855018000 	C:\WINDOWS\SYSTEM32\kernel.appcore.dll
0x00007ff851b90000 - 0x00007ff851b9a000 	c:\Users\Aditya\.vscode\extensions\redhat.java-1.33.0-win32-x64\jre\17.0.11-win32-x86_64\bin\jimage.dll
0x00007ff8404a0000 - 0x00007ff8406d2000 	C:\WINDOWS\SYSTEM32\DBGHELP.DLL
0x00007ff8575b0000 - 0x00007ff857938000 	C:\WINDOWS\System32\combase.dll
0x00007ff857f50000 - 0x00007ff858027000 	C:\WINDOWS\System32\OLEAUT32.dll
0x00007ff83fbe0000 - 0x00007ff83fc12000 	C:\WINDOWS\SYSTEM32\dbgcore.DLL
0x00007ff856240000 - 0x00007ff8562bb000 	C:\WINDOWS\System32\bcryptPrimitives.dll
0x00007ff84d6c0000 - 0x00007ff84d6e5000 	c:\Users\Aditya\.vscode\extensions\redhat.java-1.33.0-win32-x64\jre\17.0.11-win32-x86_64\bin\java.dll
0x00007ff84dbb0000 - 0x00007ff84dbc8000 	c:\Users\Aditya\.vscode\extensions\redhat.java-1.33.0-win32-x64\jre\17.0.11-win32-x86_64\bin\zip.dll
0x00007ff856b90000 - 0x00007ff8573ef000 	C:\WINDOWS\System32\SHELL32.dll
0x00007ff853e40000 - 0x00007ff85473c000 	C:\WINDOWS\SYSTEM32\windows.storage.dll
0x00007ff853d00000 - 0x00007ff853e3f000 	C:\WINDOWS\SYSTEM32\wintypes.dll
0x00007ff856a90000 - 0x00007ff856b84000 	C:\WINDOWS\System32\SHCORE.dll
0x00007ff8588a0000 - 0x00007ff8588fe000 	C:\WINDOWS\System32\shlwapi.dll
0x00007ff855e10000 - 0x00007ff855e31000 	C:\WINDOWS\SYSTEM32\profapi.dll
0x00007ff84d510000 - 0x00007ff84d529000 	C:\Users\Aditya\.vscode\extensions\redhat.java-1.33.0-win32-x64\jre\17.0.11-win32-x86_64\bin\net.dll
0x00007ff851010000 - 0x00007ff851146000 	C:\WINDOWS\SYSTEM32\WINHTTP.dll
0x00007ff855470000 - 0x00007ff8554d9000 	C:\WINDOWS\system32\mswsock.dll
0x00007ff84d380000 - 0x00007ff84d396000 	C:\Users\Aditya\.vscode\extensions\redhat.java-1.33.0-win32-x64\jre\17.0.11-win32-x86_64\bin\nio.dll
0x00007ff851980000 - 0x00007ff851990000 	c:\Users\Aditya\.vscode\extensions\redhat.java-1.33.0-win32-x64\jre\17.0.11-win32-x86_64\bin\verify.dll
0x00007ff8556d0000 - 0x00007ff8556eb000 	C:\WINDOWS\SYSTEM32\CRYPTSP.dll
0x00007ff854f60000 - 0x00007ff854f95000 	C:\WINDOWS\system32\rsaenh.dll
0x00007ff855570000 - 0x00007ff855598000 	C:\WINDOWS\SYSTEM32\USERENV.dll
0x00007ff8556f0000 - 0x00007ff8556fc000 	C:\WINDOWS\SYSTEM32\CRYPTBASE.dll
0x00007ff854a10000 - 0x00007ff854a3d000 	C:\WINDOWS\SYSTEM32\IPHLPAPI.DLL
0x00007ff858720000 - 0x00007ff858729000 	C:\WINDOWS\System32\NSI.dll
0x00007ff850db0000 - 0x00007ff850dc9000 	C:\WINDOWS\SYSTEM32\dhcpcsvc6.DLL
0x00007ff850d70000 - 0x00007ff850d8f000 	C:\WINDOWS\SYSTEM32\dhcpcsvc.DLL
0x00007ff854a80000 - 0x00007ff854b78000 	C:\WINDOWS\SYSTEM32\DNSAPI.dll
0x00007ff853160000 - 0x00007ff853169000 	C:\Users\Aditya\.vscode\extensions\redhat.java-1.33.0-win32-x64\jre\17.0.11-win32-x86_64\bin\management.dll
0x00007ff853150000 - 0x00007ff85315b000 	C:\Users\Aditya\.vscode\extensions\redhat.java-1.33.0-win32-x64\jre\17.0.11-win32-x86_64\bin\management_ext.dll
0x00007ff8573f0000 - 0x00007ff8573f8000 	C:\WINDOWS\System32\PSAPI.DLL
0x00007ff851ba0000 - 0x00007ff851bae000 	C:\Users\Aditya\.vscode\extensions\redhat.java-1.33.0-win32-x64\jre\17.0.11-win32-x86_64\bin\sunmscapi.dll
0x00007ff855ee0000 - 0x00007ff856047000 	C:\WINDOWS\System32\CRYPT32.dll
0x00007ff855870000 - 0x00007ff85589e000 	C:\WINDOWS\SYSTEM32\ncrypt.dll
0x00007ff855830000 - 0x00007ff855867000 	C:\WINDOWS\SYSTEM32\NTASN1.dll
0x00007ff8442c0000 - 0x00007ff8442ca000 	C:\Windows\System32\rasadhlp.dll
0x00007ff84e350000 - 0x00007ff84e3d3000 	C:\WINDOWS\System32\fwpuclnt.dll
0x00007ff851b80000 - 0x00007ff851b89000 	C:\Users\Aditya\.vscode\extensions\redhat.java-1.33.0-win32-x64\jre\17.0.11-win32-x86_64\bin\extnet.dll

dbghelp: loaded successfully - version: 4.0.5 - missing functions: none
symbol engine: initialized successfully - sym options: 0x614 - pdb path: .;c:\Users\Aditya\.vscode\extensions\redhat.java-1.33.0-win32-x64\jre\17.0.11-win32-x86_64\bin;C:\WINDOWS\SYSTEM32;C:\WINDOWS\WinSxS\amd64_microsoft.windows.common-controls_6595b64144ccf1df_6.0.22621.3672_none_2713b9d173822955;c:\Users\Aditya\.vscode\extensions\redhat.java-1.33.0-win32-x64\jre\17.0.11-win32-x86_64\bin\server

VM Arguments:
jvm_args: -Xmx1024m -Dsts.lsp.client=vscode -Dsts.log.file=/dev/null -XX:TieredStopAtLevel=1 -Xlog:jni+resolve=off -Dspring.config.location=file:c:\Users\Aditya\.vscode\extensions\vmware.vscode-spring-boot-1.56.0\language-server\BOOT-INF\classes\application.properties 
java_command: org.springframework.ide.vscode.boot.app.BootLanguageServerBootApp
java_class_path (initial): c:\Users\Aditya\.vscode\extensions\vmware.vscode-spring-boot-1.56.0\language-server\BOOT-INF\classes;c:\Users\Aditya\.vscode\extensions\vmware.vscode-spring-boot-1.56.0\language-server\BOOT-INF\lib\annotations-24.1.0.jar;c:\Users\Aditya\.vscode\extensions\vmware.vscode-spring-boot-1.56.0\language-server\BOOT-INF\lib\antlr4-runtime-4.13.1.jar;c:\Users\Aditya\.vscode\extensions\vmware.vscode-spring-boot-1.56.0\language-server\BOOT-INF\lib\asm-9.7.jar;c:\Users\Aditya\.vscode\extensions\vmware.vscode-spring-boot-1.56.0\language-server\BOOT-INF\lib\asm-analysis-9.7.jar;c:\Users\Aditya\.vscode\extensions\vmware.vscode-spring-boot-1.56.0\language-server\BOOT-INF\lib\asm-tree-9.7.jar;c:\Users\Aditya\.vscode\extensions\vmware.vscode-spring-boot-1.56.0\language-server\BOOT-INF\lib\asm-util-9.7.jar;c:\Users\Aditya\.vscode\extensions\vmware.vscode-spring-boot-1.56.0\language-server\BOOT-INF\lib\caffeine-3.1.8.jar;c:\Users\Aditya\.vscode\extensions\vmware.vscode-spring-boot-1.56.0\language-server\BOOT-INF\lib\checker-qual-3.12.0.jar;c:\Users\Aditya\.vscode\extensions\vmware.vscode-spring-boot-1.56.0\language-server\BOOT-INF\lib\classgraph-4.8.149.jar;c:\Users\Aditya\.vscode\extensions\vmware.vscode-spring-boot-1.56.0\language-server\BOOT-INF\lib\commons-codec-1.16.1.jar;c:\Users\Aditya\.vscode\extensions\vmware.vscode-spring-boot-1.56.0\language-server\BOOT-INF\lib\commons-compress-1.26.2.jar;c:\Users\Aditya\.vscode\extensions\vmware.vscode-spring-boot-1.56.0\language-server\BOOT-INF\lib\commons-io-2.16.1.jar;c:\Users\Aditya\.vscode\extensions\vmware.vscode-spring-boot-1.56.0\language-server\BOOT-INF\lib\commons-java-1.56.0-SNAPSHOT.jar;c:\Users\Aditya\.vscode\extensions\vmware.vscode-spring-boot-1.56.0\language-server\BOOT-INF\lib\commons-lang3-3.14.0.jar;c:\Users\Aditya\.vscode\extensions\vmware.vscode-spring-boot-1.56.0\language-server\BOOT-INF\lib\commons-language-server-1.56.0-SNAPSHOT.jar;c:\Users\Aditya\.vscode\extensions\vmware.vscode-spring-
Launcher Type: SUN_STANDARD

[Global flags]
     intx CICompilerCount                          = 4                                         {product} {ergonomic}
     uint ConcGCThreads                            = 2                                         {product} {ergonomic}
     uint G1ConcRefinementThreads                  = 8                                         {product} {ergonomic}
   size_t G1HeapRegionSize                         = 1048576                                   {product} {ergonomic}
    uintx GCDrainStackTargetSize                   = 64                                        {product} {ergonomic}
   size_t InitialHeapSize                          = 132120576                                 {product} {ergonomic}
   size_t MarkStackSize                            = 4194304                                   {product} {ergonomic}
   size_t MaxHeapSize                              = 1073741824                                {product} {command line}
   size_t MaxNewSize                               = 643825664                                 {product} {ergonomic}
   size_t MinHeapDeltaBytes                        = 1048576                                   {product} {ergonomic}
   size_t MinHeapSize                              = 8388608                                   {product} {ergonomic}
    uintx NonProfiledCodeHeapSize                  = 0                                      {pd product} {ergonomic}
     bool ProfileInterpreter                       = false                                  {pd product} {command line}
    uintx ProfiledCodeHeapSize                     = 0                                      {pd product} {ergonomic}
   size_t SoftMaxHeapSize                          = 1073741824                             {manageable} {ergonomic}
     intx TieredStopAtLevel                        = 1                                         {product} {command line}
     bool UseCompressedClassPointers               = true                           {product lp64_product} {ergonomic}
     bool UseCompressedOops                        = true                           {product lp64_product} {ergonomic}
     bool UseG1GC                                  = true                                      {product} {ergonomic}
     bool UseLargePagesIndividualAllocation        = false                                  {pd product} {ergonomic}

Logging:
Log output configuration:
 #0: stdout all=warning,jni+resolve=off uptime,level,tags
 #1: stderr all=off uptime,level,tags

Environment Variables:
JAVA_HOME=C:\Program Files\Java\jdk-20
PATH=C:\Program Files (x86)\Common Files\Oracle\Java\java8path;C:\Program Files (x86)\Common Files\Oracle\Java\javapath;C:\Windows\System32;C:\Users\Aditya\Downloads\apache-maven-3.9.6-bin\apache-maven-3.9.6\bin;C:\Program Files\NVIDIA Corporation\NVIDIA NvDLISR;D:\nodejs\;C:\Program Files\Git\cmd;C:\Program Files\MySQL\MySQL Shell 8.0\bin\;C:\Users\Aditya\AppData\Local\Programs\Python\Python311\Scripts\;C:\Users\Aditya\AppData\Local\Programs\Python\Python311\;;C:\Users\Aditya\AppData\Local\Microsoft\WindowsApps;D:\vs code\bin;C:\Users\Aditya\AppData\Roaming\npm
USERNAME=Aditya
OS=Windows_NT
PROCESSOR_IDENTIFIER=Intel64 Family 6 Model 158 Stepping 10, GenuineIntel
TMP=C:\Users\Aditya\AppData\Local\Temp
TEMP=C:\Users\Aditya\AppData\Local\Temp



Periodic native trim disabled


---------------  S Y S T E M  ---------------

OS:
 Windows 11 , 64 bit Build 22621 (10.0.22621.3672)
OS uptime: 11 days 18:06 hours

CPU: total 8 (initial active 8) (4 cores per cpu, 2 threads per core) family 6 model 158 stepping 10 microcode 0xde, cx8, cmov, fxsr, ht, mmx, 3dnowpref, sse, sse2, sse3, ssse3, sse4.1, sse4.2, popcnt, lzcnt, tsc, tscinvbit, avx, avx2, aes, erms, clmul, bmi1, bmi2, adx, fma, vzeroupper, clflush, clflushopt
Processor Information for all 8 processors :
  Max Mhz: 2304, Current Mhz: 1502, Mhz Limit: 2304

Memory: 4k page, system-wide physical 8034M (481M free)
TotalPageFile size 10034M (AvailPageFile size 5M)
current process WorkingSet (physical memory assigned to process): 211M, peak: 228M
current process commit charge ("private bytes"): 276M, peak: 290M

vm_info: OpenJDK 64-Bit Server VM (17.0.11+9) for windows-amd64 JRE (17.0.11+9), built on Apr 17 2024 06:07:48 by "admin" with MS VC++ 16.10 / 16.11 (VS2019)

END.
